2025-03-31T11:07:30.208+08:00 ERROR 10840 --- [main] o.s.boot.SpringApplication               : Application run failed

java.lang.IllegalStateException: Failed to execute CommandLineRunner
	at org.springframework.boot.SpringApplication.callRunner(SpringApplication.java:769)
	at org.springframework.boot.SpringApplication.lambda$callRunners$3(SpringApplication.java:750)
	at java.base/java.util.stream.ForEachOps$ForEachOp$OfRef.accept(ForEachOps.java:183)
	at java.base/java.util.stream.SortedOps$SizedRefSortingSink.end(SortedOps.java:357)
	at java.base/java.util.stream.AbstractPipeline.copyInto(AbstractPipeline.java:510)
	at java.base/java.util.stream.AbstractPipeline.wrapAndCopyInto(AbstractPipeline.java:499)
	at java.base/java.util.stream.ForEachOps$ForEachOp.evaluateSequential(ForEachOps.java:150)
	at java.base/java.util.stream.ForEachOps$ForEachOp$OfRef.evaluateSequential(ForEachOps.java:173)
	at java.base/java.util.stream.AbstractPipeline.evaluate(AbstractPipeline.java:234)
	at java.base/java.util.stream.ReferencePipeline.forEach(ReferencePipeline.java:596)
	at org.springframework.boot.SpringApplication.callRunners(SpringApplication.java:745)
	at org.springframework.boot.SpringApplication.run(SpringApplication.java:318)
	at org.springframework.boot.SpringApplication.run(SpringApplication.java:1301)
	at org.springframework.boot.SpringApplication.run(SpringApplication.java:1290)
	at com.mdsd.cloud.SocketTransferServerApplication.main(SocketTransferServerApplication.java:15)
Caused by: java.lang.RuntimeException: java.io.IOException: Cannot run program "ffmpeg": CreateProcess error=2, 系统找不到指定的文件。
	at com.mdsd.cloud.util.FfmpegUtil.startProcess(FfmpegUtil.java:34)
	at com.mdsd.cloud.controller.dji.service.impl.DjiServiceImpl.startUdpListening(DjiServiceImpl.java:105)
	at com.mdsd.cloud.configuration.RegBeanConf.lambda$startImmediatelyExecute$0(RegBeanConf.java:61)
	at org.springframework.boot.SpringApplication.callRunner(SpringApplication.java:766)
	... 14 common frames omitted
Caused by: java.io.IOException: Cannot run program "ffmpeg": CreateProcess error=2, 系统找不到指定的文件。
	at java.base/java.lang.ProcessBuilder.start(ProcessBuilder.java:1143)
	at java.base/java.lang.ProcessBuilder.start(ProcessBuilder.java:1073)
	at com.mdsd.cloud.util.FfmpegUtil.startProcess(FfmpegUtil.java:27)
	... 17 common frames omitted
Caused by: java.io.IOException: CreateProcess error=2, 系统找不到指定的文件。
	at java.base/java.lang.ProcessImpl.create(Native Method)
	at java.base/java.lang.ProcessImpl.<init>(ProcessImpl.java:499)
	at java.base/java.lang.ProcessImpl.start(ProcessImpl.java:158)
	at java.base/java.lang.ProcessBuilder.start(ProcessBuilder.java:1110)
	... 19 common frames omitted

