2025-04-02T11:12:36.035+08:00  INFO 14908 --- [background-preinit] o.h.validator.internal.util.Version      : HV000001: Hibernate Validator 8.0.1.Final
2025-04-02T11:12:36.094+08:00  INFO 14908 --- [main] c.m.c.SocketTransferServerApplication    : Starting SocketTransferServerApplication using Java 17.0.9 with PID 14908 (D:\workspace\Gitee\Java\Java_17\SocketTransferServer\target\classes started by WangYunwei in D:\workspace\Gitee\Java\Java_17\SocketTransferServer)
2025-04-02T11:12:36.096+08:00  INFO 14908 --- [main] c.m.c.SocketTransferServerApplication    : The following 2 profiles are active: "local", "dev"
2025-04-02T11:12:37.916+08:00  INFO 14908 --- [main] o.s.cloud.context.scope.GenericScope     : BeanFactory id=bdd6ed96-933f-3dbc-a273-cd614cb7d4f3
2025-04-02T11:12:37.951+08:00  INFO 14908 --- [main] trationDelegate$BeanPostProcessorChecker : Bean 'com.mdsd.cloud.feign.EApiFeign' of type [org.springframework.cloud.openfeign.FeignClientFactoryBean] is not eligible for getting processed by all BeanPostProcessors (for example: not eligible for auto-proxying)
2025-04-02T11:12:37.954+08:00  INFO 14908 --- [main] trationDelegate$BeanPostProcessorChecker : Bean 'com.mdsd.cloud.feign.HangarFeign' of type [org.springframework.cloud.openfeign.FeignClientFactoryBean] is not eligible for getting processed by all BeanPostProcessors (for example: not eligible for auto-proxying)
2025-04-02T11:12:38.409+08:00  INFO 14908 --- [main] o.s.b.w.embedded.tomcat.TomcatWebServer  : Tomcat initialized with port(s): 24070 (http)
2025-04-02T11:12:38.419+08:00  INFO 14908 --- [main] o.a.coyote.http11.Http11NioProtocol      : Initializing ProtocolHandler ["http-nio-24070"]
2025-04-02T11:12:38.422+08:00  INFO 14908 --- [main] o.apache.catalina.core.StandardService   : Starting service [Tomcat]
2025-04-02T11:12:38.422+08:00  INFO 14908 --- [main] o.apache.catalina.core.StandardEngine    : Starting Servlet engine: [Apache Tomcat/10.1.16]
2025-04-02T11:12:38.544+08:00  INFO 14908 --- [main] o.a.c.c.C.[.[.[/socket-transfer-server]  : Initializing Spring embedded WebApplicationContext
2025-04-02T11:12:38.545+08:00  INFO 14908 --- [main] w.s.c.ServletWebServerApplicationContext : Root WebApplicationContext: initialization completed in 2388 ms
2025-04-02T11:12:40.516+08:00  INFO 14908 --- [main] o.s.b.a.e.web.EndpointLinksResolver      : Exposing 1 endpoint(s) beneath base path '/actuator'
2025-04-02T11:12:40.571+08:00  INFO 14908 --- [main] o.a.coyote.http11.Http11NioProtocol      : Starting ProtocolHandler ["http-nio-24070"]
2025-04-02T11:12:40.591+08:00  INFO 14908 --- [main] o.s.b.w.embedded.tomcat.TomcatWebServer  : Tomcat started on port(s): 24070 (http) with context path '/socket-transfer-server'
2025-04-02T11:12:40.766+08:00  INFO 14908 --- [main] c.m.c.SocketTransferServerApplication    : Started SocketTransferServerApplication in 5.75 seconds (process running for 7.567)
2025-04-02T11:12:40.772+08:00  INFO 14908 --- [main] c.mdsd.cloud.configuration.RegBeanConf   : ================== 【START-UP SUCCESSFUL】 ==================
2025-04-02T11:12:40.867+08:00  INFO 14908 --- [main] com.mdsd.cloud.util.SocketUtil           : 启动 UDP 监听端口: 24071
2025-04-02T11:12:41.624+08:00  INFO 14908 --- [RMI TCP Connection(2)-2.0.0.1] o.a.c.c.C.[.[.[/socket-transfer-server]  : Initializing Spring DispatcherServlet 'dispatcherServlet'
2025-04-02T11:12:41.624+08:00  INFO 14908 --- [RMI TCP Connection(2)-2.0.0.1] o.s.web.servlet.DispatcherServlet        : Initializing Servlet 'dispatcherServlet'
2025-04-02T11:12:41.625+08:00  INFO 14908 --- [RMI TCP Connection(2)-2.0.0.1] o.s.web.servlet.DispatcherServlet        : Completed initialization in 1 ms
