2025-05-21T09:21:59.386+08:00  INFO 9692 --- [background-preinit] o.h.validator.internal.util.Version      : HV000001: Hibernate Validator 8.0.1.Final
2025-05-21T09:21:59.430+08:00  INFO 9692 --- [main] c.m.c.SocketTransferServerApplication    : Starting SocketTransferServerApplication using Java 17.0.9 with PID 9692 (D:\workspace\GitHub\Java\Java_17\SocketTransferServer\target\classes started by WangYunwei in D:\workspace\GitHub\Java\Java_17\SocketTransferServer)
2025-05-21T09:21:59.431+08:00  INFO 9692 --- [main] c.m.c.SocketTransferServerApplication    : The following 2 profiles are active: "local", "dev"
2025-05-21T09:22:01.769+08:00  INFO 9692 --- [main] o.s.cloud.context.scope.GenericScope     : BeanFactory id=bdd6ed96-933f-3dbc-a273-cd614cb7d4f3
2025-05-21T09:22:01.835+08:00  INFO 9692 --- [main] trationDelegate$BeanPostProcessorChecker : Bean 'com.mdsd.cloud.feign.EApiFeign' of type [org.springframework.cloud.openfeign.FeignClientFactoryBean] is not eligible for getting processed by all BeanPostProcessors (for example: not eligible for auto-proxying)
2025-05-21T09:22:01.838+08:00  INFO 9692 --- [main] trationDelegate$BeanPostProcessorChecker : Bean 'com.mdsd.cloud.feign.HangarFeign' of type [org.springframework.cloud.openfeign.FeignClientFactoryBean] is not eligible for getting processed by all BeanPostProcessors (for example: not eligible for auto-proxying)
2025-05-21T09:22:02.271+08:00  INFO 9692 --- [main] o.s.b.w.embedded.tomcat.TomcatWebServer  : Tomcat initialized with port(s): 20240 (http)
2025-05-21T09:22:02.282+08:00  INFO 9692 --- [main] o.a.coyote.http11.Http11NioProtocol      : Initializing ProtocolHandler ["http-nio-20240"]
2025-05-21T09:22:02.286+08:00  INFO 9692 --- [main] o.apache.catalina.core.StandardService   : Starting service [Tomcat]
2025-05-21T09:22:02.287+08:00  INFO 9692 --- [main] o.apache.catalina.core.StandardEngine    : Starting Servlet engine: [Apache Tomcat/10.1.16]
2025-05-21T09:22:02.414+08:00  INFO 9692 --- [main] o.a.c.c.C.[.[.[/socket-transfer-server]  : Initializing Spring embedded WebApplicationContext
2025-05-21T09:22:02.415+08:00  INFO 9692 --- [main] w.s.c.ServletWebServerApplicationContext : Root WebApplicationContext: initialization completed in 2902 ms
2025-05-21T09:22:04.986+08:00  INFO 9692 --- [main] o.s.b.a.e.web.EndpointLinksResolver      : Exposing 1 endpoint(s) beneath base path '/actuator'
2025-05-21T09:22:05.037+08:00  INFO 9692 --- [main] o.a.coyote.http11.Http11NioProtocol      : Starting ProtocolHandler ["http-nio-20240"]
2025-05-21T09:22:05.060+08:00  INFO 9692 --- [main] o.s.b.w.embedded.tomcat.TomcatWebServer  : Tomcat started on port(s): 20240 (http) with context path '/socket-transfer-server'
2025-05-21T09:22:05.276+08:00  INFO 9692 --- [main] c.m.c.SocketTransferServerApplication    : Started SocketTransferServerApplication in 6.843 seconds (process running for 10.271)
2025-05-21T09:22:05.281+08:00  INFO 9692 --- [main] c.mdsd.cloud.configuration.RegBeanConf   : ================== 【START-UP SUCCESSFUL】 ==================
2025-05-21T09:22:05.478+08:00  INFO 9692 --- [main] com.mdsd.cloud.util.SocketUtil           : 启动 UDP 监听端口: 20242
2025-05-21T09:22:06.181+08:00  INFO 9692 --- [RMI TCP Connection(2)-2.0.0.1] o.a.c.c.C.[.[.[/socket-transfer-server]  : Initializing Spring DispatcherServlet 'dispatcherServlet'
2025-05-21T09:22:06.181+08:00  INFO 9692 --- [RMI TCP Connection(2)-2.0.0.1] o.s.web.servlet.DispatcherServlet        : Initializing Servlet 'dispatcherServlet'
2025-05-21T09:22:06.183+08:00  INFO 9692 --- [RMI TCP Connection(2)-2.0.0.1] o.s.web.servlet.DispatcherServlet        : Completed initialization in 2 ms
2025-05-21T09:25:16.714+08:00  INFO 9692 --- [nioEventLoopGroup-2-1] c.m.c.c.dji.service.impl.DjiServiceImpl  : Payload: {
  "serialNumber": "MDSD20240714_0000",
  "active": "M2_F1_INIT",
  "message": "Wed May 21 09:25:16 2025\n",
  "body": "ewoJImlzX2FjdGl2ZSI6CXRydWUsCgkiaXNfZGVsZXRlZCI6CWZhbHNlLAoJImlzX2FkbWluXzAiOglmYWxzZSwKCSJpc19hZG1pbl8xIjoJdHJ1ZSwKCSJkamkiOgl7ImFpcmNyYWZ0U2VyaWVzIjo3LCJtb3VudFBvc2l0aW9uVHlwZSI6MywiYWlyY3JhZnRUeXBlIjo5MywiZGppQWRhcHRlclR5cGUiOjMsIm1vdW50UG9zaXRpb24iOiA1fSwKCSLlkI3lrZciOgki5oiR5piv5L2g5aSn54i3IiwKCSJyYXdfZGF0YSI6CXsia2V5IjogWzEsMiwzXX0sCgkiYWdlIjoJMzAuNSwKCSJtaWRkbGVfbmFtZSI6CW51bGwsCgkiYXJyYXkxIjoJWzEsIDIsIDNdLAoJImFycmF5MiI6CVt7IkYxIjogIkh6MSJ9LCB7IkYyIjogIkh6MiJ9LCB7IkYzIjogIkh6MyJ9XSwKCSJhcnJheTMiOglbewoJCQkiYWdlIjoJMzEKCQl9LCB7CgkJCSJhZ2UiOgkzMgoJCX0sIHsKCQkJImFnZSI6CTMzCgkJfV0sCgkiYWRkcmVzcyI6CXsKCQkic3RyZWV0IjoJIjEyMyBNYWluIFN0IiwKCQkiY2l0eSI6CSJBbnl0b3duIiwKCQkic3RhdGUiOgkiQW55c3RhdGUiCgl9Cn0="
}
2025-05-21T09:25:16.715+08:00  INFO 9692 --- [nioEventLoopGroup-2-1] c.m.c.c.dji.service.impl.DjiServiceImpl  : MDSD20240714_0000 注册到系统!
