2025-04-27T10:02:39.678+08:00  INFO 16204 --- [background-preinit] o.h.validator.internal.util.Version      : HV000001: Hibernate Validator 8.0.1.Final
2025-04-27T10:02:39.743+08:00  INFO 16204 --- [main] c.m.c.SocketTransferServerApplication    : Starting SocketTransferServerApplication using Java 17.0.9 with PID 16204 (D:\workspace\GitHub\Java\Java_17\SocketTransferServer\target\classes started by WangYunwei in D:\workspace\GitHub\Java\Java_17\SocketTransferServer)
2025-04-27T10:02:39.745+08:00  INFO 16204 --- [main] c.m.c.SocketTransferServerApplication    : The following 2 profiles are active: "local", "dev"
2025-04-27T10:02:41.968+08:00  INFO 16204 --- [main] o.s.cloud.context.scope.GenericScope     : BeanFactory id=bdd6ed96-933f-3dbc-a273-cd614cb7d4f3
2025-04-27T10:02:42.008+08:00  INFO 16204 --- [main] trationDelegate$BeanPostProcessorChecker : Bean 'com.mdsd.cloud.feign.EApiFeign' of type [org.springframework.cloud.openfeign.FeignClientFactoryBean] is not eligible for getting processed by all BeanPostProcessors (for example: not eligible for auto-proxying)
2025-04-27T10:02:42.011+08:00  INFO 16204 --- [main] trationDelegate$BeanPostProcessorChecker : Bean 'com.mdsd.cloud.feign.HangarFeign' of type [org.springframework.cloud.openfeign.FeignClientFactoryBean] is not eligible for getting processed by all BeanPostProcessors (for example: not eligible for auto-proxying)
2025-04-27T10:02:42.646+08:00  INFO 16204 --- [main] o.s.b.w.embedded.tomcat.TomcatWebServer  : Tomcat initialized with port(s): 24070 (http)
2025-04-27T10:02:42.666+08:00  INFO 16204 --- [main] o.a.coyote.http11.Http11NioProtocol      : Initializing ProtocolHandler ["http-nio-24070"]
2025-04-27T10:02:42.668+08:00  INFO 16204 --- [main] o.apache.catalina.core.StandardService   : Starting service [Tomcat]
2025-04-27T10:02:42.670+08:00  INFO 16204 --- [main] o.apache.catalina.core.StandardEngine    : Starting Servlet engine: [Apache Tomcat/10.1.16]
2025-04-27T10:02:42.819+08:00  INFO 16204 --- [main] o.a.c.c.C.[.[.[/socket-transfer-server]  : Initializing Spring embedded WebApplicationContext
2025-04-27T10:02:42.819+08:00  INFO 16204 --- [main] w.s.c.ServletWebServerApplicationContext : Root WebApplicationContext: initialization completed in 2865 ms
2025-04-27T10:02:45.187+08:00  INFO 16204 --- [main] o.s.b.a.e.web.EndpointLinksResolver      : Exposing 1 endpoint(s) beneath base path '/actuator'
2025-04-27T10:02:45.254+08:00  INFO 16204 --- [main] o.a.coyote.http11.Http11NioProtocol      : Starting ProtocolHandler ["http-nio-24070"]
2025-04-27T10:02:45.279+08:00  INFO 16204 --- [main] o.s.b.w.embedded.tomcat.TomcatWebServer  : Tomcat started on port(s): 24070 (http) with context path '/socket-transfer-server'
2025-04-27T10:02:45.496+08:00  INFO 16204 --- [main] c.m.c.SocketTransferServerApplication    : Started SocketTransferServerApplication in 7.203 seconds (process running for 9.466)
2025-04-27T10:02:45.503+08:00  INFO 16204 --- [main] c.mdsd.cloud.configuration.RegBeanConf   : ================== 【START-UP SUCCESSFUL】 ==================
2025-04-27T10:02:45.580+08:00  INFO 16204 --- [main] com.mdsd.cloud.util.SocketUtil           : 启动 UDP 监听端口: 24071
2025-04-27T10:02:46.252+08:00  INFO 16204 --- [RMI TCP Connection(2)-2.0.0.1] o.a.c.c.C.[.[.[/socket-transfer-server]  : Initializing Spring DispatcherServlet 'dispatcherServlet'
2025-04-27T10:02:46.253+08:00  INFO 16204 --- [RMI TCP Connection(2)-2.0.0.1] o.s.web.servlet.DispatcherServlet        : Initializing Servlet 'dispatcherServlet'
2025-04-27T10:02:46.254+08:00  INFO 16204 --- [RMI TCP Connection(2)-2.0.0.1] o.s.web.servlet.DispatcherServlet        : Completed initialization in 1 ms
2025-04-27T10:07:44.379+08:00  INFO 16204 --- [nioEventLoopGroup-2-1] c.m.c.c.dji.service.impl.DjiServiceImpl  : 打印body: {
	"is_active":	true,
	"is_deleted":	false,
	"is_admin_0":	false,
	"is_admin_1":	true,
	"dji":	{"aircraftSeries":7,"mountPositionType":3,"aircraftType":93,"djiAdapterType":3,"mountPosition": 5},
	"名字":	"我是你大爷",
	"raw_data":	{"key": [1,2,3]},
	"age":	30.5,
	"middle_name":	null,
	"numbers":	[1, 2, 3],
	"numbers2":	[{"F1": "Hz1"}, {"F2": "Hz2"}, {"F3": "Hz3"}],
	"numbers3":	[{
			"age":	31
		}, {
			"age":	32
		}, {
			"age":	33
		}],
	"address":	{
		"street":	"123 Main St",
		"city":	"Anytown",
		"state":	"Anystate"
	}
}
2025-04-27T10:07:44.409+08:00  INFO 16204 --- [nioEventLoopGroup-2-1] c.m.c.c.dji.service.impl.DjiServiceImpl  : 心跳
2025-04-27T10:07:44.412+08:00 ERROR 16204 --- [nioEventLoopGroup-2-1] c.m.c.c.dji.service.impl.DjiServiceImpl  : 未知指令!
2025-04-27T10:22:22.179+08:00  INFO 16056 --- [background-preinit] o.h.validator.internal.util.Version      : HV000001: Hibernate Validator 8.0.1.Final
2025-04-27T10:22:22.226+08:00  INFO 16056 --- [main] c.m.c.SocketTransferServerApplication    : Starting SocketTransferServerApplication using Java 17.0.9 with PID 16056 (D:\workspace\GitHub\Java\Java_17\SocketTransferServer\target\classes started by WangYunwei in D:\workspace\GitHub\Java\Java_17\SocketTransferServer)
2025-04-27T10:22:22.228+08:00  INFO 16056 --- [main] c.m.c.SocketTransferServerApplication    : The following 2 profiles are active: "local", "dev"
2025-04-27T10:22:23.477+08:00  INFO 16056 --- [main] o.s.cloud.context.scope.GenericScope     : BeanFactory id=bdd6ed96-933f-3dbc-a273-cd614cb7d4f3
2025-04-27T10:22:23.512+08:00  INFO 16056 --- [main] trationDelegate$BeanPostProcessorChecker : Bean 'com.mdsd.cloud.feign.EApiFeign' of type [org.springframework.cloud.openfeign.FeignClientFactoryBean] is not eligible for getting processed by all BeanPostProcessors (for example: not eligible for auto-proxying)
2025-04-27T10:22:23.514+08:00  INFO 16056 --- [main] trationDelegate$BeanPostProcessorChecker : Bean 'com.mdsd.cloud.feign.HangarFeign' of type [org.springframework.cloud.openfeign.FeignClientFactoryBean] is not eligible for getting processed by all BeanPostProcessors (for example: not eligible for auto-proxying)
2025-04-27T10:22:23.834+08:00  INFO 16056 --- [main] o.s.b.w.embedded.tomcat.TomcatWebServer  : Tomcat initialized with port(s): 24070 (http)
2025-04-27T10:22:23.842+08:00  INFO 16056 --- [main] o.a.coyote.http11.Http11NioProtocol      : Initializing ProtocolHandler ["http-nio-24070"]
2025-04-27T10:22:23.844+08:00  INFO 16056 --- [main] o.apache.catalina.core.StandardService   : Starting service [Tomcat]
2025-04-27T10:22:23.845+08:00  INFO 16056 --- [main] o.apache.catalina.core.StandardEngine    : Starting Servlet engine: [Apache Tomcat/10.1.16]
2025-04-27T10:22:23.942+08:00  INFO 16056 --- [main] o.a.c.c.C.[.[.[/socket-transfer-server]  : Initializing Spring embedded WebApplicationContext
2025-04-27T10:22:23.943+08:00  INFO 16056 --- [main] w.s.c.ServletWebServerApplicationContext : Root WebApplicationContext: initialization completed in 1672 ms
2025-04-27T10:22:25.472+08:00  INFO 16056 --- [main] o.s.b.a.e.web.EndpointLinksResolver      : Exposing 1 endpoint(s) beneath base path '/actuator'
2025-04-27T10:22:25.523+08:00  INFO 16056 --- [main] o.a.coyote.http11.Http11NioProtocol      : Starting ProtocolHandler ["http-nio-24070"]
2025-04-27T10:22:25.542+08:00  INFO 16056 --- [main] o.s.b.w.embedded.tomcat.TomcatWebServer  : Tomcat started on port(s): 24070 (http) with context path '/socket-transfer-server'
2025-04-27T10:22:25.737+08:00  INFO 16056 --- [main] c.m.c.SocketTransferServerApplication    : Started SocketTransferServerApplication in 4.358 seconds (process running for 5.189)
2025-04-27T10:22:25.744+08:00  INFO 16056 --- [main] c.mdsd.cloud.configuration.RegBeanConf   : ================== 【START-UP SUCCESSFUL】 ==================
2025-04-27T10:22:25.811+08:00  INFO 16056 --- [main] com.mdsd.cloud.util.SocketUtil           : 启动 UDP 监听端口: 24071
2025-04-27T10:22:26.465+08:00  INFO 16056 --- [RMI TCP Connection(3)-2.0.0.1] o.a.c.c.C.[.[.[/socket-transfer-server]  : Initializing Spring DispatcherServlet 'dispatcherServlet'
2025-04-27T10:22:26.466+08:00  INFO 16056 --- [RMI TCP Connection(3)-2.0.0.1] o.s.web.servlet.DispatcherServlet        : Initializing Servlet 'dispatcherServlet'
2025-04-27T10:22:26.467+08:00  INFO 16056 --- [RMI TCP Connection(3)-2.0.0.1] o.s.web.servlet.DispatcherServlet        : Completed initialization in 1 ms
2025-04-27T10:22:33.105+08:00  INFO 16056 --- [nioEventLoopGroup-2-1] c.m.c.c.dji.service.impl.DjiServiceImpl  : 打印body: {
	"is_active":	true,
	"is_deleted":	false,
	"is_admin_0":	false,
	"is_admin_1":	true,
	"dji":	{"aircraftSeries":7,"mountPositionType":3,"aircraftType":93,"djiAdapterType":3,"mountPosition": 5},
	"名字":	"我是你大爷",
	"raw_data":	{"key": [1,2,3]},
	"age":	30.5,
	"middle_name":	null,
	"numbers":	[1, 2, 3],
	"numbers2":	[{"F1": "Hz1"}, {"F2": "Hz2"}, {"F3": "Hz3"}],
	"numbers3":	[{
			"age":	31
		}, {
			"age":	32
		}, {
			"age":	33
		}],
	"address":	{
		"street":	"123 Main St",
		"city":	"Anytown",
		"state":	"Anystate"
	}
}
2025-04-27T10:22:33.122+08:00  INFO 16056 --- [nioEventLoopGroup-2-1] c.m.c.c.dji.service.impl.DjiServiceImpl  : 心跳
2025-04-27T10:22:33.123+08:00  WARN 16056 --- [nioEventLoopGroup-2-1] i.netty.channel.DefaultChannelPipeline   : An exceptionCaught() event was fired, and it reached at the tail of the pipeline. It usually means the last handler in the pipeline did not handle the exception.

java.lang.NullPointerException: null
	at com.mdsd.cloud.controller.dji.dto.DjiProtoBuf$Payload$Builder.setCommand(DjiProtoBuf.java:6256)
	at com.mdsd.cloud.controller.dji.service.impl.DjiServiceImpl.handleWebSocket(DjiServiceImpl.java:128)
	at com.mdsd.cloud.controller.dji.service.impl.DjiServiceImpl.handleUdpSocket(DjiServiceImpl.java:214)
	at com.mdsd.cloud.event.EventMonitor.listen(EventMonitor.java:32)
	at java.base/jdk.internal.reflect.NativeMethodAccessorImpl.invoke0(Native Method)
	at java.base/jdk.internal.reflect.NativeMethodAccessorImpl.invoke(NativeMethodAccessorImpl.java:77)
	at java.base/jdk.internal.reflect.DelegatingMethodAccessorImpl.invoke(DelegatingMethodAccessorImpl.java:43)
	at java.base/java.lang.reflect.Method.invoke(Method.java:568)
	at org.springframework.context.event.ApplicationListenerMethodAdapter.doInvoke(ApplicationListenerMethodAdapter.java:348)
	at org.springframework.context.event.ApplicationListenerMethodAdapter.processEvent(ApplicationListenerMethodAdapter.java:233)
	at org.springframework.context.event.ApplicationListenerMethodAdapter.onApplicationEvent(ApplicationListenerMethodAdapter.java:165)
	at org.springframework.context.event.SimpleApplicationEventMulticaster.doInvokeListener(SimpleApplicationEventMulticaster.java:174)
	at org.springframework.context.event.SimpleApplicationEventMulticaster.invokeListener(SimpleApplicationEventMulticaster.java:167)
	at org.springframework.context.event.SimpleApplicationEventMulticaster.multicastEvent(SimpleApplicationEventMulticaster.java:145)
	at org.springframework.context.support.AbstractApplicationContext.publishEvent(AbstractApplicationContext.java:445)
	at org.springframework.context.support.AbstractApplicationContext.publishEvent(AbstractApplicationContext.java:378)
	at com.mdsd.cloud.controller.dji.service.impl.DjiServiceImpl$DjiChannelInboundHandler.lambda$channelRead0$0(DjiServiceImpl.java:99)
	at java.base/java.util.Optional.ifPresent(Optional.java:178)
	at com.mdsd.cloud.controller.dji.service.impl.DjiServiceImpl$DjiChannelInboundHandler.channelRead0(DjiServiceImpl.java:79)
	at com.mdsd.cloud.controller.dji.service.impl.DjiServiceImpl$DjiChannelInboundHandler.channelRead0(DjiServiceImpl.java:64)
	at io.netty.channel.SimpleChannelInboundHandler.channelRead(SimpleChannelInboundHandler.java:99)
	at io.netty.channel.AbstractChannelHandlerContext.invokeChannelRead(AbstractChannelHandlerContext.java:444)
	at io.netty.channel.AbstractChannelHandlerContext.invokeChannelRead(AbstractChannelHandlerContext.java:420)
	at io.netty.channel.AbstractChannelHandlerContext.fireChannelRead(AbstractChannelHandlerContext.java:412)
	at io.netty.channel.DefaultChannelPipeline$HeadContext.channelRead(DefaultChannelPipeline.java:1410)
	at io.netty.channel.AbstractChannelHandlerContext.invokeChannelRead(AbstractChannelHandlerContext.java:440)
	at io.netty.channel.AbstractChannelHandlerContext.invokeChannelRead(AbstractChannelHandlerContext.java:420)
	at io.netty.channel.DefaultChannelPipeline.fireChannelRead(DefaultChannelPipeline.java:919)
	at io.netty.channel.nio.AbstractNioMessageChannel$NioMessageUnsafe.read(AbstractNioMessageChannel.java:97)
	at io.netty.channel.nio.NioEventLoop.processSelectedKey(NioEventLoop.java:788)
	at io.netty.channel.nio.NioEventLoop.processSelectedKeysOptimized(NioEventLoop.java:724)
	at io.netty.channel.nio.NioEventLoop.processSelectedKeys(NioEventLoop.java:650)
	at io.netty.channel.nio.NioEventLoop.run(NioEventLoop.java:562)
	at io.netty.util.concurrent.SingleThreadEventExecutor$4.run(SingleThreadEventExecutor.java:997)
	at io.netty.util.internal.ThreadExecutorMap$2.run(ThreadExecutorMap.java:74)
	at io.netty.util.concurrent.FastThreadLocalRunnable.run(FastThreadLocalRunnable.java:30)
	at java.base/java.lang.Thread.run(Thread.java:842)

2025-04-27T10:44:20.253+08:00  INFO 18356 --- [background-preinit] o.h.validator.internal.util.Version      : HV000001: Hibernate Validator 8.0.1.Final
2025-04-27T10:44:20.303+08:00  INFO 18356 --- [main] c.m.c.SocketTransferServerApplication    : Starting SocketTransferServerApplication using Java 17.0.9 with PID 18356 (D:\workspace\GitHub\Java\Java_17\SocketTransferServer\target\classes started by WangYunwei in D:\workspace\GitHub\Java\Java_17\SocketTransferServer)
2025-04-27T10:44:20.305+08:00  INFO 18356 --- [main] c.m.c.SocketTransferServerApplication    : The following 2 profiles are active: "local", "dev"
2025-04-27T10:44:21.553+08:00  INFO 18356 --- [main] o.s.cloud.context.scope.GenericScope     : BeanFactory id=bdd6ed96-933f-3dbc-a273-cd614cb7d4f3
2025-04-27T10:44:21.584+08:00  INFO 18356 --- [main] trationDelegate$BeanPostProcessorChecker : Bean 'com.mdsd.cloud.feign.EApiFeign' of type [org.springframework.cloud.openfeign.FeignClientFactoryBean] is not eligible for getting processed by all BeanPostProcessors (for example: not eligible for auto-proxying)
2025-04-27T10:44:21.587+08:00  INFO 18356 --- [main] trationDelegate$BeanPostProcessorChecker : Bean 'com.mdsd.cloud.feign.HangarFeign' of type [org.springframework.cloud.openfeign.FeignClientFactoryBean] is not eligible for getting processed by all BeanPostProcessors (for example: not eligible for auto-proxying)
2025-04-27T10:44:21.904+08:00  INFO 18356 --- [main] o.s.b.w.embedded.tomcat.TomcatWebServer  : Tomcat initialized with port(s): 24070 (http)
2025-04-27T10:44:21.913+08:00  INFO 18356 --- [main] o.a.coyote.http11.Http11NioProtocol      : Initializing ProtocolHandler ["http-nio-24070"]
2025-04-27T10:44:21.915+08:00  INFO 18356 --- [main] o.apache.catalina.core.StandardService   : Starting service [Tomcat]
2025-04-27T10:44:21.916+08:00  INFO 18356 --- [main] o.apache.catalina.core.StandardEngine    : Starting Servlet engine: [Apache Tomcat/10.1.16]
2025-04-27T10:44:22.016+08:00  INFO 18356 --- [main] o.a.c.c.C.[.[.[/socket-transfer-server]  : Initializing Spring embedded WebApplicationContext
2025-04-27T10:44:22.017+08:00  INFO 18356 --- [main] w.s.c.ServletWebServerApplicationContext : Root WebApplicationContext: initialization completed in 1662 ms
2025-04-27T10:44:23.549+08:00  INFO 18356 --- [main] o.s.b.a.e.web.EndpointLinksResolver      : Exposing 1 endpoint(s) beneath base path '/actuator'
2025-04-27T10:44:23.606+08:00  INFO 18356 --- [main] o.a.coyote.http11.Http11NioProtocol      : Starting ProtocolHandler ["http-nio-24070"]
2025-04-27T10:44:23.627+08:00  INFO 18356 --- [main] o.s.b.w.embedded.tomcat.TomcatWebServer  : Tomcat started on port(s): 24070 (http) with context path '/socket-transfer-server'
2025-04-27T10:44:23.831+08:00  INFO 18356 --- [main] c.m.c.SocketTransferServerApplication    : Started SocketTransferServerApplication in 4.383 seconds (process running for 5.083)
2025-04-27T10:44:23.836+08:00  INFO 18356 --- [main] c.mdsd.cloud.configuration.RegBeanConf   : ================== 【START-UP SUCCESSFUL】 ==================
2025-04-27T10:44:23.894+08:00  INFO 18356 --- [main] com.mdsd.cloud.util.SocketUtil           : 启动 UDP 监听端口: 24071
2025-04-27T10:44:24.593+08:00  INFO 18356 --- [RMI TCP Connection(3)-2.0.0.1] o.a.c.c.C.[.[.[/socket-transfer-server]  : Initializing Spring DispatcherServlet 'dispatcherServlet'
2025-04-27T10:44:24.593+08:00  INFO 18356 --- [RMI TCP Connection(3)-2.0.0.1] o.s.web.servlet.DispatcherServlet        : Initializing Servlet 'dispatcherServlet'
2025-04-27T10:44:24.594+08:00  INFO 18356 --- [RMI TCP Connection(3)-2.0.0.1] o.s.web.servlet.DispatcherServlet        : Completed initialization in 1 ms
2025-04-27T10:45:01.014+08:00  INFO 18356 --- [nioEventLoopGroup-2-1] c.m.c.c.dji.service.impl.DjiServiceImpl  : 打印body: {
	"is_active":	true,
	"is_deleted":	false,
	"is_admin_0":	false,
	"is_admin_1":	true,
	"dji":	{"aircraftSeries":7,"mountPositionType":3,"aircraftType":93,"djiAdapterType":3,"mountPosition": 5},
	"名字":	"我是你大爷",
	"raw_data":	{"key": [1,2,3]},
	"age":	30.5,
	"middle_name":	null,
	"numbers":	[1, 2, 3],
	"numbers2":	[{"F1": "Hz1"}, {"F2": "Hz2"}, {"F3": "Hz3"}],
	"numbers3":	[{
			"age":	31
		}, {
			"age":	32
		}, {
			"age":	33
		}],
	"address":	{
		"street":	"123 Main St",
		"city":	"Anytown",
		"state":	"Anystate"
	}
}
2025-04-27T10:45:01.045+08:00  INFO 18356 --- [nioEventLoopGroup-2-1] c.m.c.c.dji.service.impl.DjiServiceImpl  : 心跳
2025-04-27T10:45:01.046+08:00  WARN 18356 --- [nioEventLoopGroup-2-1] i.netty.channel.DefaultChannelPipeline   : An exceptionCaught() event was fired, and it reached at the tail of the pipeline. It usually means the last handler in the pipeline did not handle the exception.

java.lang.NullPointerException: null
	at com.mdsd.cloud.controller.dji.dto.DjiProtoBuf$Payload$Builder.setCommand(DjiProtoBuf.java:6256)
	at com.mdsd.cloud.controller.dji.service.impl.DjiServiceImpl.handleWebSocket(DjiServiceImpl.java:128)
	at com.mdsd.cloud.controller.dji.service.impl.DjiServiceImpl.handleUdpSocket(DjiServiceImpl.java:217)
	at com.mdsd.cloud.event.EventMonitor.listen(EventMonitor.java:32)
	at java.base/jdk.internal.reflect.NativeMethodAccessorImpl.invoke0(Native Method)
	at java.base/jdk.internal.reflect.NativeMethodAccessorImpl.invoke(NativeMethodAccessorImpl.java:77)
	at java.base/jdk.internal.reflect.DelegatingMethodAccessorImpl.invoke(DelegatingMethodAccessorImpl.java:43)
	at java.base/java.lang.reflect.Method.invoke(Method.java:568)
	at org.springframework.context.event.ApplicationListenerMethodAdapter.doInvoke(ApplicationListenerMethodAdapter.java:348)
	at org.springframework.context.event.ApplicationListenerMethodAdapter.processEvent(ApplicationListenerMethodAdapter.java:233)
	at org.springframework.context.event.ApplicationListenerMethodAdapter.onApplicationEvent(ApplicationListenerMethodAdapter.java:165)
	at org.springframework.context.event.SimpleApplicationEventMulticaster.doInvokeListener(SimpleApplicationEventMulticaster.java:174)
	at org.springframework.context.event.SimpleApplicationEventMulticaster.invokeListener(SimpleApplicationEventMulticaster.java:167)
	at org.springframework.context.event.SimpleApplicationEventMulticaster.multicastEvent(SimpleApplicationEventMulticaster.java:145)
	at org.springframework.context.support.AbstractApplicationContext.publishEvent(AbstractApplicationContext.java:445)
	at org.springframework.context.support.AbstractApplicationContext.publishEvent(AbstractApplicationContext.java:378)
	at com.mdsd.cloud.controller.dji.service.impl.DjiServiceImpl$DjiChannelInboundHandler.lambda$channelRead0$0(DjiServiceImpl.java:99)
	at java.base/java.util.Optional.ifPresent(Optional.java:178)
	at com.mdsd.cloud.controller.dji.service.impl.DjiServiceImpl$DjiChannelInboundHandler.channelRead0(DjiServiceImpl.java:79)
	at com.mdsd.cloud.controller.dji.service.impl.DjiServiceImpl$DjiChannelInboundHandler.channelRead0(DjiServiceImpl.java:64)
	at io.netty.channel.SimpleChannelInboundHandler.channelRead(SimpleChannelInboundHandler.java:99)
	at io.netty.channel.AbstractChannelHandlerContext.invokeChannelRead(AbstractChannelHandlerContext.java:444)
	at io.netty.channel.AbstractChannelHandlerContext.invokeChannelRead(AbstractChannelHandlerContext.java:420)
	at io.netty.channel.AbstractChannelHandlerContext.fireChannelRead(AbstractChannelHandlerContext.java:412)
	at io.netty.channel.DefaultChannelPipeline$HeadContext.channelRead(DefaultChannelPipeline.java:1410)
	at io.netty.channel.AbstractChannelHandlerContext.invokeChannelRead(AbstractChannelHandlerContext.java:440)
	at io.netty.channel.AbstractChannelHandlerContext.invokeChannelRead(AbstractChannelHandlerContext.java:420)
	at io.netty.channel.DefaultChannelPipeline.fireChannelRead(DefaultChannelPipeline.java:919)
	at io.netty.channel.nio.AbstractNioMessageChannel$NioMessageUnsafe.read(AbstractNioMessageChannel.java:97)
	at io.netty.channel.nio.NioEventLoop.processSelectedKey(NioEventLoop.java:788)
	at io.netty.channel.nio.NioEventLoop.processSelectedKeysOptimized(NioEventLoop.java:724)
	at io.netty.channel.nio.NioEventLoop.processSelectedKeys(NioEventLoop.java:650)
	at io.netty.channel.nio.NioEventLoop.run(NioEventLoop.java:562)
	at io.netty.util.concurrent.SingleThreadEventExecutor$4.run(SingleThreadEventExecutor.java:997)
	at io.netty.util.internal.ThreadExecutorMap$2.run(ThreadExecutorMap.java:74)
	at io.netty.util.concurrent.FastThreadLocalRunnable.run(FastThreadLocalRunnable.java:30)
	at java.base/java.lang.Thread.run(Thread.java:842)

